nohup: ignoring input

  .   ____          _            __ _ _
 /\\ / ___'_ __ _ _(_)_ __  __ _ \ \ \ \
( ( )\___ | '_ | '_| | '_ \/ _` | \ \ \ \
 \\/  ___)| |_)| | | | | || (_| |  ) ) ) )
  '  |____| .__|_| |_|_| |_\__, | / / / /
 =========|_|==============|___/=/_/_/_/

 :: Spring Boot ::                (v4.0.4)

2026-04-07T22:41:47.549Z  INFO 1419864 --- [baleshop] [           main] c.baleshop.baleshop.BaleshopApplication  : Starting BaleshopApplication v0.0.1-SNAPSHOT using Java 21.0.10 with PID 1419864 (/root/triciabales/target/baleshop-0.0.1-SNAPSHOT.jar started by root in /root/triciabales)
2026-04-07T22:41:47.595Z  INFO 1419864 --- [baleshop] [           main] c.baleshop.baleshop.BaleshopApplication  : No active profile set, falling back to 1 default profile: "default"
2026-04-07T22:41:52.914Z  INFO 1419864 --- [baleshop] [           main] .s.d.r.c.RepositoryConfigurationDelegate : Bootstrapping Spring Data JPA repositories in DEFAULT mode.
2026-04-07T22:41:53.397Z  INFO 1419864 --- [baleshop] [           main] .s.d.r.c.RepositoryConfigurationDelegate : Finished Spring Data repository scanning in 411 ms. Found 4 JPA repository interfaces.
2026-04-07T22:41:58.037Z  INFO 1419864 --- [baleshop] [           main] o.s.boot.tomcat.TomcatWebServer          : Tomcat initialized with port 8080 (http)
2026-04-07T22:41:58.172Z  INFO 1419864 --- [baleshop] [           main] o.apache.catalina.core.StandardService   : Starting service [Tomcat]
2026-04-07T22:41:58.180Z  INFO 1419864 --- [baleshop] [           main] o.apache.catalina.core.StandardEngine    : Starting Servlet engine: [Apache Tomcat/11.0.18]
2026-04-07T22:41:58.762Z  INFO 1419864 --- [baleshop] [           main] b.w.c.s.WebApplicationContextInitializer : Root WebApplicationContext: initialization completed in 10667 ms
2026-04-07T22:42:01.607Z  INFO 1419864 --- [baleshop] [           main] org.hibernate.orm.jpa                    : HHH008540: Processing PersistenceUnitInfo [name: default]
2026-04-07T22:42:02.235Z  INFO 1419864 --- [baleshop] [           main] org.hibernate.orm.core                   : HHH000001: Hibernate ORM core version 7.2.7.Final
2026-04-07T22:42:06.739Z  INFO 1419864 --- [baleshop] [           main] o.s.o.j.p.SpringPersistenceUnitInfo      : No LoadTimeWeaver setup: ignoring JPA class transformer
2026-04-07T22:42:06.952Z  INFO 1419864 --- [baleshop] [           main] com.zaxxer.hikari.HikariDataSource       : HikariPool-1 - Starting...
2026-04-07T22:42:09.831Z  INFO 1419864 --- [baleshop] [           main] com.zaxxer.hikari.pool.HikariPool        : HikariPool-1 - Added connection com.mysql.cj.jdbc.ConnectionImpl@484a5ddd
2026-04-07T22:42:09.844Z  INFO 1419864 --- [baleshop] [           main] com.zaxxer.hikari.HikariDataSource       : HikariPool-1 - Start completed.
2026-04-07T22:42:10.489Z  WARN 1419864 --- [baleshop] [           main] org.hibernate.orm.deprecation            : HHH90000025: MySQLDialect does not need to be specified explicitly using 'hibernate.dialect' (remove the property setting and it will be selected by default)
2026-04-07T22:42:10.864Z  INFO 1419864 --- [baleshop] [           main] org.hibernate.orm.connections.pooling    : HHH10001005: Database info:
	Database JDBC URL [jdbc:mysql://localhost:3306/bale_shop]
	Database driver: MySQL Connector/J
	Database dialect: MySQLDialect
	Database version: 8.0.45
	Default catalog/schema: bale_shop/undefined
	Autocommit mode: undefined/unknown
	Isolation level: REPEATABLE_READ [default REPEATABLE_READ]
	JDBC fetch size: none
	Pool: DataSourceConnectionProvider
	Minimum pool size: undefined/unknown
	Maximum pool size: undefined/unknown
2026-04-07T22:42:15.812Z  INFO 1419864 --- [baleshop] [           main] org.hibernate.orm.core                   : HHH000489: No JTA platform available (set 'hibernate.transaction.jta.platform' to enable JTA platform integration)
2026-04-07T22:42:16.042Z  INFO 1419864 --- [baleshop] [           main] j.LocalContainerEntityManagerFactoryBean : Initialized JPA EntityManagerFactory for persistence unit 'default'
2026-04-07T22:42:16.353Z  INFO 1419864 --- [baleshop] [           main] o.s.d.j.r.query.QueryEnhancerFactories   : Hibernate is in classpath; If applicable, HQL parser will be used.
✅ OrderController loaded
2026-04-07T22:42:17.277Z  WARN 1419864 --- [baleshop] [           main] JpaBaseConfiguration$JpaWebConfiguration : spring.jpa.open-in-view is enabled by default. Therefore, database queries may be performed during view rendering. Explicitly configure spring.jpa.open-in-view to disable this warning
2026-04-07T22:42:18.718Z  WARN 1419864 --- [baleshop] [           main] ConfigServletWebServerApplicationContext : Exception encountered during context initialization - cancelling refresh attempt: org.springframework.context.ApplicationContextException: Failed to start bean 'webServerStartStop'
2026-04-07T22:42:18.724Z  INFO 1419864 --- [baleshop] [           main] j.LocalContainerEntityManagerFactoryBean : Closing JPA EntityManagerFactory for persistence unit 'default'
2026-04-07T22:42:18.733Z  INFO 1419864 --- [baleshop] [           main] com.zaxxer.hikari.HikariDataSource       : HikariPool-1 - Shutdown initiated...
2026-04-07T22:42:18.756Z  INFO 1419864 --- [baleshop] [           main] com.zaxxer.hikari.HikariDataSource       : HikariPool-1 - Shutdown completed.
2026-04-07T22:42:18.785Z  INFO 1419864 --- [baleshop] [           main] .s.b.a.l.ConditionEvaluationReportLogger : 

Error starting ApplicationContext. To display the condition evaluation report re-run your application with 'debug' enabled.
2026-04-07T22:42:18.836Z ERROR 1419864 --- [baleshop] [           main] o.s.b.d.LoggingFailureAnalysisReporter   : 

***************************
APPLICATION FAILED TO START
***************************

Description:

Web server failed to start. Port 8080 was already in use.

Action:

Identify and stop the process that's listening on port 8080 or configure this application to listen on another port.

